    27>D:\projects\2024-misis-fall\misis2024f-24-03-kuznetsov-m-m\prj.check\prj.check\doctest_arrayd\doctest_arrayd.cpp(3,10): error C1083: Cannot open include file: 'arrayd/arrayd.hpp': No such file or directory [D:\projects\2024-misis-fall\misis2024f-24-03-kuznetsov-m-m\build.check\prj.check\prj.check\doctest_arrayd\doctest_arrayd.vcxproj]
    28>D:\projects\2024-misis-fall\misis2024f-24-03-kuznetsov-m-m\prj.check\prj.check\doctest_arrayt\doctest_arrayt.cpp(3,10): error C1083: Cannot open include file: 'arrayt/arrayt.hpp': No such file or directory [D:\projects\2024-misis-fall\misis2024f-24-03-kuznetsov-m-m\build.check\prj.check\prj.check\doctest_arrayt\doctest_arrayt.vcxproj]
    29>D:\projects\2024-misis-fall\misis2024f-24-03-kuznetsov-m-m\prj.check\prj.check\doctest_complex\doctest_complex.cpp(50,3): error C2666: 'Complex::operator ==': overloaded functions have similar conversions [D:\projects\2024-misis-fall\misis2024f-24-03-kuznetsov-m-m\build.check\prj.check\prj.check\doctest_complex\doctest_complex.vcxproj]
    29>D:\projects\2024-misis-fall\misis2024f-24-03-kuznetsov-m-m\prj.check\prj.check\doctest_complex\doctest_complex.cpp(51,3): error C2666: 'Complex::operator ==': overloaded functions have similar conversions [D:\projects\2024-misis-fall\misis2024f-24-03-kuznetsov-m-m\build.check\prj.check\prj.check\doctest_complex\doctest_complex.vcxproj]
    29>D:\projects\2024-misis-fall\misis2024f-24-03-kuznetsov-m-m\prj.check\prj.check\doctest_complex\doctest_complex.cpp(52,3): error C2666: 'Complex::operator ==': overloaded functions have similar conversions [D:\projects\2024-misis-fall\misis2024f-24-03-kuznetsov-m-m\build.check\prj.check\prj.check\doctest_complex\doctest_complex.vcxproj]
    29>D:\projects\2024-misis-fall\misis2024f-24-03-kuznetsov-m-m\prj.check\prj.check\doctest_complex\doctest_complex.cpp(53,3): error C2666: 'Complex::operator ==': overloaded functions have similar conversions [D:\projects\2024-misis-fall\misis2024f-24-03-kuznetsov-m-m\build.check\prj.check\prj.check\doctest_complex\doctest_complex.vcxproj]
    29>D:\projects\2024-misis-fall\misis2024f-24-03-kuznetsov-m-m\prj.check\prj.check\doctest_complex\doctest_complex.cpp(54,3): error C2666: 'Complex::operator ==': overloaded functions have similar conversions [D:\projects\2024-misis-fall\misis2024f-24-03-kuznetsov-m-m\build.check\prj.check\prj.check\doctest_complex\doctest_complex.vcxproj]
    29>D:\projects\2024-misis-fall\misis2024f-24-03-kuznetsov-m-m\prj.check\prj.check\doctest_complex\doctest_complex.cpp(66,3): error C2675: unary '-': 'Complex' does not define this operator or a conversion to a type acceptable to the predefined operator [D:\projects\2024-misis-fall\misis2024f-24-03-kuznetsov-m-m\build.check\prj.check\prj.check\doctest_complex\doctest_complex.vcxproj]
    29>D:\projects\2024-misis-fall\misis2024f-24-03-kuznetsov-m-m\prj.check\prj.check\doctest_complex\doctest_complex.cpp(66,3): error C2088: '-': illegal for struct [D:\projects\2024-misis-fall\misis2024f-24-03-kuznetsov-m-m\build.check\prj.check\prj.check\doctest_complex\doctest_complex.vcxproj]
    29>D:\projects\2024-misis-fall\misis2024f-24-03-kuznetsov-m-m\prj.check\prj.check\doctest_complex\doctest_complex.cpp(70,3): error C2675: unary '-': 'Complex' does not define this operator or a conversion to a type acceptable to the predefined operator [D:\projects\2024-misis-fall\misis2024f-24-03-kuznetsov-m-m\build.check\prj.check\prj.check\doctest_complex\doctest_complex.vcxproj]
    29>D:\projects\2024-misis-fall\misis2024f-24-03-kuznetsov-m-m\prj.check\prj.check\doctest_complex\doctest_complex.cpp(70,3): error C2088: '-': illegal for struct [D:\projects\2024-misis-fall\misis2024f-24-03-kuznetsov-m-m\build.check\prj.check\prj.check\doctest_complex\doctest_complex.vcxproj]
    29>D:\projects\2024-misis-fall\misis2024f-24-03-kuznetsov-m-m\prj.check\prj.check\doctest_complex\doctest_complex.cpp(94,3): error C2677: binary '-': no global operator found which takes type 'Complex' (or there is no acceptable conversion) [D:\projects\2024-misis-fall\misis2024f-24-03-kuznetsov-m-m\build.check\prj.check\prj.check\doctest_complex\doctest_complex.vcxproj]
    29>D:\projects\2024-misis-fall\misis2024f-24-03-kuznetsov-m-m\prj.check\prj.check\doctest_complex\doctest_complex.cpp(107,3): error C2677: binary '*': no global operator found which takes type 'Complex' (or there is no acceptable conversion) [D:\projects\2024-misis-fall\misis2024f-24-03-kuznetsov-m-m\build.check\prj.check\prj.check\doctest_complex\doctest_complex.vcxproj]
    29>D:\projects\2024-misis-fall\misis2024f-24-03-kuznetsov-m-m\prj.check\prj.check\doctest_complex\doctest_complex.cpp(114,3): error C2678: binary '/': no operator found which takes a left-hand operand of type 'const Complex' (or there is no acceptable conversion) [D:\projects\2024-misis-fall\misis2024f-24-03-kuznetsov-m-m\build.check\prj.check\prj.check\doctest_complex\doctest_complex.vcxproj]
    29>D:\projects\2024-misis-fall\misis2024f-24-03-kuznetsov-m-m\prj.check\prj.check\doctest_complex\doctest_complex.cpp(120,3): error C2677: binary '/': no global operator found which takes type 'Complex' (or there is no acceptable conversion) [D:\projects\2024-misis-fall\misis2024f-24-03-kuznetsov-m-m\build.check\prj.check\prj.check\doctest_complex\doctest_complex.vcxproj]
    29>D:\projects\2024-misis-fall\misis2024f-24-03-kuznetsov-m-m\prj.check\prj.check\doctest_complex\doctest_complex.cpp(121,3): error C2678: binary '/': no operator found which takes a left-hand operand of type 'const Complex' (or there is no acceptable conversion) [D:\projects\2024-misis-fall\misis2024f-24-03-kuznetsov-m-m\build.check\prj.check\prj.check\doctest_complex\doctest_complex.vcxproj]
    30>D:\projects\2024-misis-fall\misis2024f-24-03-kuznetsov-m-m\prj.check\prj.check\doctest_complex\doctest_complex_io.cpp(24,5): error C2679: binary '>>': no operator found which takes a right-hand operand of type 'Complex' (or there is no acceptable conversion) [D:\projects\2024-misis-fall\misis2024f-24-03-kuznetsov-m-m\build.check\prj.check\prj.check\doctest_complex\doctest_complex_io.vcxproj]
    30>D:\projects\2024-misis-fall\misis2024f-24-03-kuznetsov-m-m\prj.check\prj.check\doctest_complex\doctest_complex_io.cpp(32,5): error C2679: binary '>>': no operator found which takes a right-hand operand of type 'Complex' (or there is no acceptable conversion) [D:\projects\2024-misis-fall\misis2024f-24-03-kuznetsov-m-m\build.check\prj.check\prj.check\doctest_complex\doctest_complex_io.vcxproj]
    30>D:\projects\2024-misis-fall\misis2024f-24-03-kuznetsov-m-m\prj.check\prj.check\doctest_complex\doctest_complex_io.cpp(42,5): error C2679: binary '<<': no operator found which takes a right-hand operand of type 'Complex' (or there is no acceptable conversion) [D:\projects\2024-misis-fall\misis2024f-24-03-kuznetsov-m-m\build.check\prj.check\prj.check\doctest_complex\doctest_complex_io.vcxproj]
    30>D:\projects\2024-misis-fall\misis2024f-24-03-kuznetsov-m-m\prj.check\prj.check\doctest_complex\doctest_complex_io.cpp(45,5): error C2679: binary '>>': no operator found which takes a right-hand operand of type 'Complex' (or there is no acceptable conversion) [D:\projects\2024-misis-fall\misis2024f-24-03-kuznetsov-m-m\build.check\prj.check\prj.check\doctest_complex\doctest_complex_io.vcxproj]
    30>D:\projects\2024-misis-fall\misis2024f-24-03-kuznetsov-m-m\prj.check\prj.check\doctest_complex\doctest_complex_io.cpp(52,5): error C2679: binary '>>': no operator found which takes a right-hand operand of type 'Complex' (or there is no acceptable conversion) [D:\projects\2024-misis-fall\misis2024f-24-03-kuznetsov-m-m\build.check\prj.check\prj.check\doctest_complex\doctest_complex_io.vcxproj]
    30>D:\projects\2024-misis-fall\misis2024f-24-03-kuznetsov-m-m\prj.check\prj.check\doctest_complex\doctest_complex_io.cpp(59,5): error C2679: binary '>>': no operator found which takes a right-hand operand of type 'Complex' (or there is no acceptable conversion) [D:\projects\2024-misis-fall\misis2024f-24-03-kuznetsov-m-m\build.check\prj.check\prj.check\doctest_complex\doctest_complex_io.vcxproj]
    33>D:\projects\2024-misis-fall\misis2024f-24-03-kuznetsov-m-m\prj.check\prj.check\doctest_rational\doctest_rational_io.cpp(36,5): error C2065: 'Rational': undeclared identifier [D:\projects\2024-misis-fall\misis2024f-24-03-kuznetsov-m-m\build.check\prj.check\prj.check\doctest_rational\doctest_rational_io.vcxproj]
    31>D:\projects\2024-misis-fall\misis2024f-24-03-kuznetsov-m-m\prj.check\prj.check\doctest_rational\doctest_rational.cpp(14,3): error C3861: 'Rational': identifier not found [D:\projects\2024-misis-fall\misis2024f-24-03-kuznetsov-m-m\build.check\prj.check\prj.check\doctest_rational\doctest_rational.vcxproj]
    33>D:\projects\2024-misis-fall\misis2024f-24-03-kuznetsov-m-m\prj.check\prj.check\doctest_rational\doctest_rational_io.cpp(36,14): error C2146: syntax error: missing ';' before identifier 'r' [D:\projects\2024-misis-fall\misis2024f-24-03-kuznetsov-m-m\build.check\prj.check\prj.check\doctest_rational\doctest_rational_io.vcxproj]
    31>D:\projects\2024-misis-fall\misis2024f-24-03-kuznetsov-m-m\prj.check\prj.check\doctest_rational\doctest_rational.cpp(15,3): error C3861: 'Rational': identifier not found [D:\projects\2024-misis-fall\misis2024f-24-03-kuznetsov-m-m\build.check\prj.check\prj.check\doctest_rational\doctest_rational.vcxproj]
    33>D:\projects\2024-misis-fall\misis2024f-24-03-kuznetsov-m-m\prj.check\prj.check\doctest_rational\doctest_rational_io.cpp(36,14): error C2065: 'r': undeclared identifier [D:\projects\2024-misis-fall\misis2024f-24-03-kuznetsov-m-m\build.check\prj.check\prj.check\doctest_rational\doctest_rational_io.vcxproj]
    31>D:\projects\2024-misis-fall\misis2024f-24-03-kuznetsov-m-m\prj.check\prj.check\doctest_rational\doctest_rational.cpp(16,3): error C3861: 'Rational': identifier not found [D:\projects\2024-misis-fall\misis2024f-24-03-kuznetsov-m-m\build.check\prj.check\prj.check\doctest_rational\doctest_rational.vcxproj]
    33>D:\projects\2024-misis-fall\misis2024f-24-03-kuznetsov-m-m\prj.check\prj.check\doctest_rational\doctest_rational_io.cpp(37,14): error C2065: 'r': undeclared identifier [D:\projects\2024-misis-fall\misis2024f-24-03-kuznetsov-m-m\build.check\prj.check\prj.check\doctest_rational\doctest_rational_io.vcxproj]
    31>D:\projects\2024-misis-fall\misis2024f-24-03-kuznetsov-m-m\prj.check\prj.check\doctest_rational\doctest_rational.cpp(17,3): error C3861: 'Rational': identifier not found [D:\projects\2024-misis-fall\misis2024f-24-03-kuznetsov-m-m\build.check\prj.check\prj.check\doctest_rational\doctest_rational.vcxproj]
    31>D:\projects\2024-misis-fall\misis2024f-24-03-kuznetsov-m-m\prj.check\prj.check\doctest_rational\doctest_rational.cpp(18,3): error C3861: 'Rational': identifier not found [D:\projects\2024-misis-fall\misis2024f-24-03-kuznetsov-m-m\build.check\prj.check\prj.check\doctest_rational\doctest_rational.vcxproj]
    31>D:\projects\2024-misis-fall\misis2024f-24-03-kuznetsov-m-m\prj.check\prj.check\doctest_rational\doctest_rational.cpp(19,3): error C3861: 'Rational': identifier not found [D:\projects\2024-misis-fall\misis2024f-24-03-kuznetsov-m-m\build.check\prj.check\prj.check\doctest_rational\doctest_rational.vcxproj]
    31>D:\projects\2024-misis-fall\misis2024f-24-03-kuznetsov-m-m\prj.check\prj.check\doctest_rational\doctest_rational.cpp(20,3): error C3861: 'Rational': identifier not found [D:\projects\2024-misis-fall\misis2024f-24-03-kuznetsov-m-m\build.check\prj.check\prj.check\doctest_rational\doctest_rational.vcxproj]
    31>D:\projects\2024-misis-fall\misis2024f-24-03-kuznetsov-m-m\prj.check\prj.check\doctest_rational\doctest_rational.cpp(21,3): error C3861: 'Rational': identifier not found [D:\projects\2024-misis-fall\misis2024f-24-03-kuznetsov-m-m\build.check\prj.check\prj.check\doctest_rational\doctest_rational.vcxproj]
    31>D:\projects\2024-misis-fall\misis2024f-24-03-kuznetsov-m-m\prj.check\prj.check\doctest_rational\doctest_rational.cpp(22,3): error C3861: 'Rational': identifier not found [D:\projects\2024-misis-fall\misis2024f-24-03-kuznetsov-m-m\build.check\prj.check\prj.check\doctest_rational\doctest_rational.vcxproj]
    31>D:\projects\2024-misis-fall\misis2024f-24-03-kuznetsov-m-m\prj.check\prj.check\doctest_rational\doctest_rational.cpp(29,3): error C3861: 'Rational': identifier not found [D:\projects\2024-misis-fall\misis2024f-24-03-kuznetsov-m-m\build.check\prj.check\prj.check\doctest_rational\doctest_rational.vcxproj]
    31>D:\projects\2024-misis-fall\misis2024f-24-03-kuznetsov-m-m\prj.check\prj.check\doctest_rational\doctest_rational.cpp(30,3): error C3861: 'Rational': identifier not found [D:\projects\2024-misis-fall\misis2024f-24-03-kuznetsov-m-m\build.check\prj.check\prj.check\doctest_rational\doctest_rational.vcxproj]
    31>D:\projects\2024-misis-fall\misis2024f-24-03-kuznetsov-m-m\prj.check\prj.check\doctest_rational\doctest_rational.cpp(31,3): error C3861: 'Rational': identifier not found [D:\projects\2024-misis-fall\misis2024f-24-03-kuznetsov-m-m\build.check\prj.check\prj.check\doctest_rational\doctest_rational.vcxproj]
    31>D:\projects\2024-misis-fall\misis2024f-24-03-kuznetsov-m-m\prj.check\prj.check\doctest_rational\doctest_rational.cpp(35,3): error C3861: 'Rational': identifier not found [D:\projects\2024-misis-fall\misis2024f-24-03-kuznetsov-m-m\build.check\prj.check\prj.check\doctest_rational\doctest_rational.vcxproj]
    31>D:\projects\2024-misis-fall\misis2024f-24-03-kuznetsov-m-m\prj.check\prj.check\doctest_rational\doctest_rational.cpp(36,3): error C3861: 'Rational': identifier not found [D:\projects\2024-misis-fall\misis2024f-24-03-kuznetsov-m-m\build.check\prj.check\prj.check\doctest_rational\doctest_rational.vcxproj]
    31>D:\projects\2024-misis-fall\misis2024f-24-03-kuznetsov-m-m\prj.check\prj.check\doctest_rational\doctest_rational.cpp(37,3): error C3861: 'Rational': identifier not found [D:\projects\2024-misis-fall\misis2024f-24-03-kuznetsov-m-m\build.check\prj.check\prj.check\doctest_rational\doctest_rational.vcxproj]
    31>D:\projects\2024-misis-fall\misis2024f-24-03-kuznetsov-m-m\prj.check\prj.check\doctest_rational\doctest_rational.cpp(38,3): error C3861: 'Rational': identifier not found [D:\projects\2024-misis-fall\misis2024f-24-03-kuznetsov-m-m\build.check\prj.check\prj.check\doctest_rational\doctest_rational.vcxproj]
    31>D:\projects\2024-misis-fall\misis2024f-24-03-kuznetsov-m-m\prj.check\prj.check\doctest_rational\doctest_rational.cpp(42,3): error C3861: 'Rational': identifier not found [D:\projects\2024-misis-fall\misis2024f-24-03-kuznetsov-m-m\build.check\prj.check\prj.check\doctest_rational\doctest_rational.vcxproj]
    31>D:\projects\2024-misis-fall\misis2024f-24-03-kuznetsov-m-m\prj.check\prj.check\doctest_rational\doctest_rational.cpp(43,3): error C3861: 'Rational': identifier not found [D:\projects\2024-misis-fall\misis2024f-24-03-kuznetsov-m-m\build.check\prj.check\prj.check\doctest_rational\doctest_rational.vcxproj]
    31>D:\projects\2024-misis-fall\misis2024f-24-03-kuznetsov-m-m\prj.check\prj.check\doctest_rational\doctest_rational.cpp(44,3): error C3861: 'Rational': identifier not found [D:\projects\2024-misis-fall\misis2024f-24-03-kuznetsov-m-m\build.check\prj.check\prj.check\doctest_rational\doctest_rational.vcxproj]
    31>D:\projects\2024-misis-fall\misis2024f-24-03-kuznetsov-m-m\prj.check\prj.check\doctest_rational\doctest_rational.cpp(45,3): error C3861: 'Rational': identifier not found [D:\projects\2024-misis-fall\misis2024f-24-03-kuznetsov-m-m\build.check\prj.check\prj.check\doctest_rational\doctest_rational.vcxproj]
    31>D:\projects\2024-misis-fall\misis2024f-24-03-kuznetsov-m-m\prj.check\prj.check\doctest_rational\doctest_rational.cpp(49,3): error C3861: 'Rational': identifier not found [D:\projects\2024-misis-fall\misis2024f-24-03-kuznetsov-m-m\build.check\prj.check\prj.check\doctest_rational\doctest_rational.vcxproj]
    31>D:\projects\2024-misis-fall\misis2024f-24-03-kuznetsov-m-m\prj.check\prj.check\doctest_rational\doctest_rational.cpp(50,3): error C3861: 'Rational': identifier not found [D:\projects\2024-misis-fall\misis2024f-24-03-kuznetsov-m-m\build.check\prj.check\prj.check\doctest_rational\doctest_rational.vcxproj]
    33>D:\projects\2024-misis-fall\misis2024f-24-03-kuznetsov-m-m\prj.check\prj.check\doctest_rational\doctest_rational_io.cpp(44,5): error C2065: 'Rational': undeclared identifier [D:\projects\2024-misis-fall\misis2024f-24-03-kuznetsov-m-m\build.check\prj.check\prj.check\doctest_rational\doctest_rational_io.vcxproj]
    31>D:\projects\2024-misis-fall\misis2024f-24-03-kuznetsov-m-m\prj.check\prj.check\doctest_rational\doctest_rational.cpp(51,3): error C3861: 'Rational': identifier not found [D:\projects\2024-misis-fall\misis2024f-24-03-kuznetsov-m-m\build.check\prj.check\prj.check\doctest_rational\doctest_rational.vcxproj]
    33>D:\projects\2024-misis-fall\misis2024f-24-03-kuznetsov-m-m\prj.check\prj.check\doctest_rational\doctest_rational_io.cpp(44,14): error C2146: syntax error: missing ';' before identifier 'r' [D:\projects\2024-misis-fall\misis2024f-24-03-kuznetsov-m-m\build.check\prj.check\prj.check\doctest_rational\doctest_rational_io.vcxproj]
    31>D:\projects\2024-misis-fall\misis2024f-24-03-kuznetsov-m-m\prj.check\prj.check\doctest_rational\doctest_rational.cpp(52,3): error C3861: 'Rational': identifier not found [D:\projects\2024-misis-fall\misis2024f-24-03-kuznetsov-m-m\build.check\prj.check\prj.check\doctest_rational\doctest_rational.vcxproj]
    33>D:\projects\2024-misis-fall\misis2024f-24-03-kuznetsov-m-m\prj.check\prj.check\doctest_rational\doctest_rational_io.cpp(44,14): error C2065: 'r': undeclared identifier [D:\projects\2024-misis-fall\misis2024f-24-03-kuznetsov-m-m\build.check\prj.check\prj.check\doctest_rational\doctest_rational_io.vcxproj]
    33>D:\projects\2024-misis-fall\misis2024f-24-03-kuznetsov-m-m\prj.check\prj.check\doctest_rational\doctest_rational_io.cpp(45,14): error C2065: 'r': undeclared identifier [D:\projects\2024-misis-fall\misis2024f-24-03-kuznetsov-m-m\build.check\prj.check\prj.check\doctest_rational\doctest_rational_io.vcxproj]
    31>D:\projects\2024-misis-fall\misis2024f-24-03-kuznetsov-m-m\prj.check\prj.check\doctest_rational\doctest_rational.cpp(56,3): error C3861: 'Rational': identifier not found [D:\projects\2024-misis-fall\misis2024f-24-03-kuznetsov-m-m\build.check\prj.check\prj.check\doctest_rational\doctest_rational.vcxproj]
    31>D:\projects\2024-misis-fall\misis2024f-24-03-kuznetsov-m-m\prj.check\prj.check\doctest_rational\doctest_rational.cpp(57,3): error C3861: 'Rational': identifier not found [D:\projects\2024-misis-fall\misis2024f-24-03-kuznetsov-m-m\build.check\prj.check\prj.check\doctest_rational\doctest_rational.vcxproj]
    31>D:\projects\2024-misis-fall\misis2024f-24-03-kuznetsov-m-m\prj.check\prj.check\doctest_rational\doctest_rational.cpp(58,3): error C3861: 'Rational': identifier not found [D:\projects\2024-misis-fall\misis2024f-24-03-kuznetsov-m-m\build.check\prj.check\prj.check\doctest_rational\doctest_rational.vcxproj]
    31>D:\projects\2024-misis-fall\misis2024f-24-03-kuznetsov-m-m\prj.check\prj.check\doctest_rational\doctest_rational.cpp(59,3): error C3861: 'Rational': identifier not found [D:\projects\2024-misis-fall\misis2024f-24-03-kuznetsov-m-m\build.check\prj.check\prj.check\doctest_rational\doctest_rational.vcxproj]
    31>D:\projects\2024-misis-fall\misis2024f-24-03-kuznetsov-m-m\prj.check\prj.check\doctest_rational\doctest_rational.cpp(63,3): error C3861: 'Rational': identifier not found [D:\projects\2024-misis-fall\misis2024f-24-03-kuznetsov-m-m\build.check\prj.check\prj.check\doctest_rational\doctest_rational.vcxproj]
    31>D:\projects\2024-misis-fall\misis2024f-24-03-kuznetsov-m-m\prj.check\prj.check\doctest_rational\doctest_rational.cpp(64,3): error C3861: 'Rational': identifier not found [D:\projects\2024-misis-fall\misis2024f-24-03-kuznetsov-m-m\build.check\prj.check\prj.check\doctest_rational\doctest_rational.vcxproj]
    31>D:\projects\2024-misis-fall\misis2024f-24-03-kuznetsov-m-m\prj.check\prj.check\doctest_rational\doctest_rational.cpp(65,3): error C3861: 'Rational': identifier not found [D:\projects\2024-misis-fall\misis2024f-24-03-kuznetsov-m-m\build.check\prj.check\prj.check\doctest_rational\doctest_rational.vcxproj]
    31>D:\projects\2024-misis-fall\misis2024f-24-03-kuznetsov-m-m\prj.check\prj.check\doctest_rational\doctest_rational.cpp(66,3): error C3861: 'Rational': identifier not found [D:\projects\2024-misis-fall\misis2024f-24-03-kuznetsov-m-m\build.check\prj.check\prj.check\doctest_rational\doctest_rational.vcxproj]
    33>D:\projects\2024-misis-fall\misis2024f-24-03-kuznetsov-m-m\prj.check\prj.check\doctest_rational\doctest_rational_io.cpp(52,5): error C2065: 'Rational': undeclared identifier [D:\projects\2024-misis-fall\misis2024f-24-03-kuznetsov-m-m\build.check\prj.check\prj.check\doctest_rational\doctest_rational_io.vcxproj]
    33>D:\projects\2024-misis-fall\misis2024f-24-03-kuznetsov-m-m\prj.check\prj.check\doctest_rational\doctest_rational_io.cpp(52,14): error C2146: syntax error: missing ';' before identifier 'r' [D:\projects\2024-misis-fall\misis2024f-24-03-kuznetsov-m-m\build.check\prj.check\prj.check\doctest_rational\doctest_rational_io.vcxproj]
    33>D:\projects\2024-misis-fall\misis2024f-24-03-kuznetsov-m-m\prj.check\prj.check\doctest_rational\doctest_rational_io.cpp(52,14): error C2065: 'r': undeclared identifier [D:\projects\2024-misis-fall\misis2024f-24-03-kuznetsov-m-m\build.check\prj.check\prj.check\doctest_rational\doctest_rational_io.vcxproj]
    31>D:\projects\2024-misis-fall\misis2024f-24-03-kuznetsov-m-m\prj.check\prj.check\doctest_rational\doctest_rational.cpp(70,3): error C3861: 'Rational': identifier not found [D:\projects\2024-misis-fall\misis2024f-24-03-kuznetsov-m-m\build.check\prj.check\prj.check\doctest_rational\doctest_rational.vcxproj]
    33>D:\projects\2024-misis-fall\misis2024f-24-03-kuznetsov-m-m\prj.check\prj.check\doctest_rational\doctest_rational_io.cpp(53,14): error C2065: 'r': undeclared identifier [D:\projects\2024-misis-fall\misis2024f-24-03-kuznetsov-m-m\build.check\prj.check\prj.check\doctest_rational\doctest_rational_io.vcxproj]
    31>D:\projects\2024-misis-fall\misis2024f-24-03-kuznetsov-m-m\prj.check\prj.check\doctest_rational\doctest_rational.cpp(71,3): error C3861: 'Rational': identifier not found [D:\projects\2024-misis-fall\misis2024f-24-03-kuznetsov-m-m\build.check\prj.check\prj.check\doctest_rational\doctest_rational.vcxproj]
    31>D:\projects\2024-misis-fall\misis2024f-24-03-kuznetsov-m-m\prj.check\prj.check\doctest_rational\doctest_rational.cpp(72,3): error C3861: 'Rational': identifier not found [D:\projects\2024-misis-fall\misis2024f-24-03-kuznetsov-m-m\build.check\prj.check\prj.check\doctest_rational\doctest_rational.vcxproj]
    31>D:\projects\2024-misis-fall\misis2024f-24-03-kuznetsov-m-m\prj.check\prj.check\doctest_rational\doctest_rational.cpp(73,3): error C3861: 'Rational': identifier not found [D:\projects\2024-misis-fall\misis2024f-24-03-kuznetsov-m-m\build.check\prj.check\prj.check\doctest_rational\doctest_rational.vcxproj]
    31>D:\projects\2024-misis-fall\misis2024f-24-03-kuznetsov-m-m\prj.check\prj.check\doctest_rational\doctest_rational.cpp(77,3): error C3861: 'Rational': identifier not found [D:\projects\2024-misis-fall\misis2024f-24-03-kuznetsov-m-m\build.check\prj.check\prj.check\doctest_rational\doctest_rational.vcxproj]
    31>D:\projects\2024-misis-fall\misis2024f-24-03-kuznetsov-m-m\prj.check\prj.check\doctest_rational\doctest_rational.cpp(78,3): error C3861: 'Rational': identifier not found [D:\projects\2024-misis-fall\misis2024f-24-03-kuznetsov-m-m\build.check\prj.check\prj.check\doctest_rational\doctest_rational.vcxproj]
    31>D:\projects\2024-misis-fall\misis2024f-24-03-kuznetsov-m-m\prj.check\prj.check\doctest_rational\doctest_rational.cpp(78,3): error C1003: error count exceeds 100; stopping compilation [D:\projects\2024-misis-fall\misis2024f-24-03-kuznetsov-m-m\build.check\prj.check\prj.check\doctest_rational\doctest_rational.vcxproj]
    33>D:\projects\2024-misis-fall\misis2024f-24-03-kuznetsov-m-m\prj.check\prj.check\doctest_rational\doctest_rational_io.cpp(62,5): error C2065: 'Rational': undeclared identifier [D:\projects\2024-misis-fall\misis2024f-24-03-kuznetsov-m-m\build.check\prj.check\prj.check\doctest_rational\doctest_rational_io.vcxproj]
    33>D:\projects\2024-misis-fall\misis2024f-24-03-kuznetsov-m-m\prj.check\prj.check\doctest_rational\doctest_rational_io.cpp(62,14): error C2146: syntax error: missing ';' before identifier 'r' [D:\projects\2024-misis-fall\misis2024f-24-03-kuznetsov-m-m\build.check\prj.check\prj.check\doctest_rational\doctest_rational_io.vcxproj]
    33>D:\projects\2024-misis-fall\misis2024f-24-03-kuznetsov-m-m\prj.check\prj.check\doctest_rational\doctest_rational_io.cpp(62,14): error C2065: 'r': undeclared identifier [D:\projects\2024-misis-fall\misis2024f-24-03-kuznetsov-m-m\build.check\prj.check\prj.check\doctest_rational\doctest_rational_io.vcxproj]
    33>D:\projects\2024-misis-fall\misis2024f-24-03-kuznetsov-m-m\prj.check\prj.check\doctest_rational\doctest_rational_io.cpp(63,14): error C2065: 'r': undeclared identifier [D:\projects\2024-misis-fall\misis2024f-24-03-kuznetsov-m-m\build.check\prj.check\prj.check\doctest_rational\doctest_rational_io.vcxproj]
    33>D:\projects\2024-misis-fall\misis2024f-24-03-kuznetsov-m-m\prj.check\prj.check\doctest_rational\doctest_rational_io.cpp(65,14): error C2065: 'r': undeclared identifier [D:\projects\2024-misis-fall\misis2024f-24-03-kuznetsov-m-m\build.check\prj.check\prj.check\doctest_rational\doctest_rational_io.vcxproj]
